[ 2019-03-13T13:38:58+08:00 ] 0.0.0.0 /mweb/
INFO: [ app_begin ] --START--
INFO: ReadHtmlCache Behavior ::run [ RunTime:0.001446s ]
INFO: [ app_begin ] --END-- [ RunTime:0.003074s ]
INFO: [ view_parse ] --START--
INFO: ParseTemplate Behavior ::run [ RunTime:0.001549s ]
INFO: [ view_parse ] --END-- [ RunTime:0.001625s ]
INFO: [ view_filter ] --START--
NOTIC: [8] Use of undefined constant APP_TMPL_PATH - assumed 'APP_TMPL_PATH' C:\AppServ\www\mweb\ThinkPHP\Lib\Behavior\ContentReplaceBehavior.class.php 第 40 行.
NOTIC: [8] Use of undefined constant APP_TMPL_PATH - assumed 'APP_TMPL_PATH' C:\AppServ\www\mweb\ThinkPHP\Lib\Behavior\ContentReplaceBehavior.class.php 第 47 行.
INFO: ContentReplace Behavior ::run [ RunTime:0.001926s ]
INFO: TokenBuild Behavior ::run [ RunTime:0.000929s ]
INFO: WriteHtmlCache Behavior ::run [ RunTime:0.000814s ]
INFO: ShowRuntime Behavior ::run [ RunTime:0.000997s ]
INFO: [ view_filter ] --END-- [ RunTime:0.005233s ]
INFO: [ view_end ] --START--
INFO: ShowPageTrace Behavior ::run [ RunTime:0.001004s ]
INFO: [ view_end ] --END-- [ RunTime:0.001046s ]

[ 2019-03-13T13:41:23+08:00 ] 0.0.0.0 /mweb/
INFO: [ app_begin ] --START--
INFO: ReadHtmlCache Behavior ::run [ RunTime:0.001609s ]
INFO: [ app_begin ] --END-- [ RunTime:0.001762s ]
INFO: [ view_parse ] --START--
INFO: ParseTemplate Behavior ::run [ RunTime:0.001759s ]
INFO: [ view_parse ] --END-- [ RunTime:0.001850s ]
INFO: [ view_filter ] --START--
NOTIC: [8] Use of undefined constant APP_TMPL_PATH - assumed 'APP_TMPL_PATH' C:\AppServ\www\mweb\ThinkPHP\Lib\Behavior\ContentReplaceBehavior.class.php 第 40 行.
NOTIC: [8] Use of undefined constant APP_TMPL_PATH - assumed 'APP_TMPL_PATH' C:\AppServ\www\mweb\ThinkPHP\Lib\Behavior\ContentReplaceBehavior.class.php 第 47 行.
INFO: ContentReplace Behavior ::run [ RunTime:0.000930s ]
INFO: TokenBuild Behavior ::run [ RunTime:0.000855s ]
INFO: WriteHtmlCache Behavior ::run [ RunTime:0.000807s ]
INFO: ShowRuntime Behavior ::run [ RunTime:0.001091s ]
INFO: [ view_filter ] --END-- [ RunTime:0.003828s ]
INFO: [ view_end ] --START--
INFO: ShowPageTrace Behavior ::run [ RunTime:0.001294s ]
INFO: [ view_end ] --END-- [ RunTime:0.001378s ]

[ 2019-03-13T13:41:24+08:00 ] 0.0.0.0 /mweb/
INFO: [ app_begin ] --START--
INFO: ReadHtmlCache Behavior ::run [ RunTime:0.000859s ]
INFO: [ app_begin ] --END-- [ RunTime:0.000930s ]
INFO: [ view_parse ] --START--
INFO: ParseTemplate Behavior ::run [ RunTime:0.001967s ]
INFO: [ view_parse ] --END-- [ RunTime:0.002060s ]
INFO: [ view_filter ] --START--
NOTIC: [8] Use of undefined constant APP_TMPL_PATH - assumed 'APP_TMPL_PATH' C:\AppServ\www\mweb\ThinkPHP\Lib\Behavior\ContentReplaceBehavior.class.php 第 40 行.
NOTIC: [8] Use of undefined constant APP_TMPL_PATH - assumed 'APP_TMPL_PATH' C:\AppServ\www\mweb\ThinkPHP\Lib\Behavior\ContentReplaceBehavior.class.php 第 47 行.
INFO: ContentReplace Behavior ::run [ RunTime:0.000888s ]
INFO: TokenBuild Behavior ::run [ RunTime:0.000796s ]
INFO: WriteHtmlCache Behavior ::run [ RunTime:0.000663s ]
INFO: ShowRuntime Behavior ::run [ RunTime:0.000807s ]
INFO: [ view_filter ] --END-- [ RunTime:0.003293s ]
INFO: [ view_end ] --START--
INFO: ShowPageTrace Behavior ::run [ RunTime:0.000929s ]
INFO: [ view_end ] --END-- [ RunTime:0.000969s ]

[ 2019-03-13T13:41:24+08:00 ] 0.0.0.0 /mweb/
INFO: [ app_begin ] --START--
INFO: ReadHtmlCache Behavior ::run [ RunTime:0.000823s ]
INFO: [ app_begin ] --END-- [ RunTime:0.000882s ]
INFO: [ view_parse ] --START--
INFO: ParseTemplate Behavior ::run [ RunTime:0.001409s ]
INFO: [ view_parse ] --END-- [ RunTime:0.001462s ]
INFO: [ view_filter ] --START--
NOTIC: [8] Use of undefined constant APP_TMPL_PATH - assumed 'APP_TMPL_PATH' C:\AppServ\www\mweb\ThinkPHP\Lib\Behavior\ContentReplaceBehavior.class.php 第 40 行.
NOTIC: [8] Use of undefined constant APP_TMPL_PATH - assumed 'APP_TMPL_PATH' C:\AppServ\www\mweb\ThinkPHP\Lib\Behavior\ContentReplaceBehavior.class.php 第 47 行.
INFO: ContentReplace Behavior ::run [ RunTime:0.000801s ]
INFO: TokenBuild Behavior ::run [ RunTime:0.000746s ]
INFO: WriteHtmlCache Behavior ::run [ RunTime:0.000714s ]
INFO: ShowRuntime Behavior ::run [ RunTime:0.000954s ]
INFO: [ view_filter ] --END-- [ RunTime:0.003343s ]
INFO: [ view_end ] --START--
INFO: ShowPageTrace Behavior ::run [ RunTime:0.001524s ]
INFO: [ view_end ] --END-- [ RunTime:0.001593s ]

[ 2019-03-13T13:41:24+08:00 ] 0.0.0.0 /mweb/
INFO: [ app_begin ] --START--
INFO: ReadHtmlCache Behavior ::run [ RunTime:0.000809s ]
INFO: [ app_begin ] --END-- [ RunTime:0.000869s ]
INFO: [ view_parse ] --START--
INFO: ParseTemplate Behavior ::run [ RunTime:0.001325s ]
INFO: [ view_parse ] --END-- [ RunTime:0.001378s ]
INFO: [ view_filter ] --START--
NOTIC: [8] Use of undefined constant APP_TMPL_PATH - assumed 'APP_TMPL_PATH' C:\AppServ\www\mweb\ThinkPHP\Lib\Behavior\ContentReplaceBehavior.class.php 第 40 行.
NOTIC: [8] Use of undefined constant APP_TMPL_PATH - assumed 'APP_TMPL_PATH' C:\AppServ\www\mweb\ThinkPHP\Lib\Behavior\ContentReplaceBehavior.class.php 第 47 行.
INFO: ContentReplace Behavior ::run [ RunTime:0.000784s ]
INFO: TokenBuild Behavior ::run [ RunTime:0.000735s ]
INFO: WriteHtmlCache Behavior ::run [ RunTime:0.000650s ]
INFO: ShowRuntime Behavior ::run [ RunTime:0.000839s ]
INFO: [ view_filter ] --END-- [ RunTime:0.003134s ]
INFO: [ view_end ] --START--
INFO: ShowPageTrace Behavior ::run [ RunTime:0.000906s ]
INFO: [ view_end ] --END-- [ RunTime:0.000957s ]

[ 2019-03-13T13:41:24+08:00 ] 0.0.0.0 /mweb/
INFO: [ app_begin ] --START--
INFO: ReadHtmlCache Behavior ::run [ RunTime:0.000998s ]
INFO: [ app_begin ] --END-- [ RunTime:0.001066s ]
INFO: [ view_parse ] --START--
INFO: ParseTemplate Behavior ::run [ RunTime:0.001546s ]
INFO: [ view_parse ] --END-- [ RunTime:0.001602s ]
INFO: [ view_filter ] --START--
NOTIC: [8] Use of undefined constant APP_TMPL_PATH - assumed 'APP_TMPL_PATH' C:\AppServ\www\mweb\ThinkPHP\Lib\Behavior\ContentReplaceBehavior.class.php 第 40 行.
NOTIC: [8] Use of undefined constant APP_TMPL_PATH - assumed 'APP_TMPL_PATH' C:\AppServ\www\mweb\ThinkPHP\Lib\Behavior\ContentReplaceBehavior.class.php 第 47 行.
INFO: ContentReplace Behavior ::run [ RunTime:0.000843s ]
INFO: TokenBuild Behavior ::run [ RunTime:0.000800s ]
INFO: WriteHtmlCache Behavior ::run [ RunTime:0.000729s ]
INFO: ShowRuntime Behavior ::run [ RunTime:0.000794s ]
INFO: [ view_filter ] --END-- [ RunTime:0.003288s ]
INFO: [ view_end ] --START--
INFO: ShowPageTrace Behavior ::run [ RunTime:0.000855s ]
INFO: [ view_end ] --END-- [ RunTime:0.000897s ]

[ 2019-03-13T13:41:24+08:00 ] 0.0.0.0 /mweb/
INFO: [ app_begin ] --START--
INFO: ReadHtmlCache Behavior ::run [ RunTime:0.000883s ]
INFO: [ app_begin ] --END-- [ RunTime:0.000944s ]
INFO: [ view_parse ] --START--
INFO: ParseTemplate Behavior ::run [ RunTime:0.001405s ]
INFO: [ view_parse ] --END-- [ RunTime:0.001458s ]
INFO: [ view_filter ] --START--
NOTIC: [8] Use of undefined constant APP_TMPL_PATH - assumed 'APP_TMPL_PATH' C:\AppServ\www\mweb\ThinkPHP\Lib\Behavior\ContentReplaceBehavior.class.php 第 40 行.
NOTIC: [8] Use of undefined constant APP_TMPL_PATH - assumed 'APP_TMPL_PATH' C:\AppServ\www\mweb\ThinkPHP\Lib\Behavior\ContentReplaceBehavior.class.php 第 47 行.
INFO: ContentReplace Behavior ::run [ RunTime:0.000775s ]
INFO: TokenBuild Behavior ::run [ RunTime:0.000765s ]
INFO: WriteHtmlCache Behavior ::run [ RunTime:0.000694s ]
INFO: ShowRuntime Behavior ::run [ RunTime:0.000921s ]
INFO: [ view_filter ] --END-- [ RunTime:0.003310s ]
INFO: [ view_end ] --START--
INFO: ShowPageTrace Behavior ::run [ RunTime:0.001224s ]
INFO: [ view_end ] --END-- [ RunTime:0.001309s ]

[ 2019-03-13T13:43:11+08:00 ] 0.0.0.0 /mweb/
INFO: [ app_begin ] --START--
INFO: ReadHtmlCache Behavior ::run [ RunTime:0.001151s ]
INFO: [ app_begin ] --END-- [ RunTime:0.001214s ]
INFO: [ view_parse ] --START--
INFO: ParseTemplate Behavior ::run [ RunTime:0.001711s ]
INFO: [ view_parse ] --END-- [ RunTime:0.001765s ]
INFO: [ view_filter ] --START--
NOTIC: [8] Use of undefined constant APP_TMPL_PATH - assumed 'APP_TMPL_PATH' C:\AppServ\www\mweb\ThinkPHP\Lib\Behavior\ContentReplaceBehavior.class.php 第 40 行.
NOTIC: [8] Use of undefined constant APP_TMPL_PATH - assumed 'APP_TMPL_PATH' C:\AppServ\www\mweb\ThinkPHP\Lib\Behavior\ContentReplaceBehavior.class.php 第 47 行.
INFO: ContentReplace Behavior ::run [ RunTime:0.000926s ]
INFO: TokenBuild Behavior ::run [ RunTime:0.000904s ]
INFO: WriteHtmlCache Behavior ::run [ RunTime:0.000849s ]
INFO: ShowRuntime Behavior ::run [ RunTime:0.001207s ]
INFO: [ view_filter ] --END-- [ RunTime:0.004055s ]
INFO: [ view_end ] --START--
INFO: ShowPageTrace Behavior ::run [ RunTime:0.001705s ]
INFO: [ view_end ] --END-- [ RunTime:0.001782s ]

[ 2019-03-13T13:43:11+08:00 ] 0.0.0.0 /mweb/
INFO: [ app_begin ] --START--
INFO: ReadHtmlCache Behavior ::run [ RunTime:0.000777s ]
INFO: [ app_begin ] --END-- [ RunTime:0.000838s ]
INFO: [ view_parse ] --START--
INFO: ParseTemplate Behavior ::run [ RunTime:0.002151s ]
INFO: [ view_parse ] --END-- [ RunTime:0.002224s ]
INFO: [ view_filter ] --START--
NOTIC: [8] Use of undefined constant APP_TMPL_PATH - assumed 'APP_TMPL_PATH' C:\AppServ\www\mweb\ThinkPHP\Lib\Behavior\ContentReplaceBehavior.class.php 第 40 行.
NOTIC: [8] Use of undefined constant APP_TMPL_PATH - assumed 'APP_TMPL_PATH' C:\AppServ\www\mweb\ThinkPHP\Lib\Behavior\ContentReplaceBehavior.class.php 第 47 行.
INFO: ContentReplace Behavior ::run [ RunTime:0.000818s ]
INFO: TokenBuild Behavior ::run [ RunTime:0.000937s ]
INFO: WriteHtmlCache Behavior ::run [ RunTime:0.000765s ]
INFO: ShowRuntime Behavior ::run [ RunTime:0.001009s ]
INFO: [ view_filter ] --END-- [ RunTime:0.003691s ]
INFO: [ view_end ] --START--
INFO: ShowPageTrace Behavior ::run [ RunTime:0.001039s ]
INFO: [ view_end ] --END-- [ RunTime:0.001096s ]

[ 2019-03-13T13:43:12+08:00 ] 0.0.0.0 /mweb/
INFO: [ app_begin ] --START--
INFO: ReadHtmlCache Behavior ::run [ RunTime:0.001059s ]
INFO: [ app_begin ] --END-- [ RunTime:0.001136s ]
INFO: [ view_parse ] --START--
INFO: ParseTemplate Behavior ::run [ RunTime:0.001366s ]
INFO: [ view_parse ] --END-- [ RunTime:0.001425s ]
INFO: [ view_filter ] --START--
NOTIC: [8] Use of undefined constant APP_TMPL_PATH - assumed 'APP_TMPL_PATH' C:\AppServ\www\mweb\ThinkPHP\Lib\Behavior\ContentReplaceBehavior.class.php 第 40 行.
NOTIC: [8] Use of undefined constant APP_TMPL_PATH - assumed 'APP_TMPL_PATH' C:\AppServ\www\mweb\ThinkPHP\Lib\Behavior\ContentReplaceBehavior.class.php 第 47 行.
INFO: ContentReplace Behavior ::run [ RunTime:0.000789s ]
INFO: TokenBuild Behavior ::run [ RunTime:0.000685s ]
INFO: WriteHtmlCache Behavior ::run [ RunTime:0.000624s ]
INFO: ShowRuntime Behavior ::run [ RunTime:0.000797s ]
INFO: [ view_filter ] --END-- [ RunTime:0.003013s ]
INFO: [ view_end ] --START--
INFO: ShowPageTrace Behavior ::run [ RunTime:0.000909s ]
INFO: [ view_end ] --END-- [ RunTime:0.000948s ]

[ 2019-03-13T13:43:12+08:00 ] 0.0.0.0 /mweb/
INFO: [ app_begin ] --START--
INFO: ReadHtmlCache Behavior ::run [ RunTime:0.000985s ]
INFO: [ app_begin ] --END-- [ RunTime:0.001068s ]
INFO: [ view_parse ] --START--
INFO: ParseTemplate Behavior ::run [ RunTime:0.001594s ]
INFO: [ view_parse ] --END-- [ RunTime:0.001655s ]
INFO: [ view_filter ] --START--
NOTIC: [8] Use of undefined constant APP_TMPL_PATH - assumed 'APP_TMPL_PATH' C:\AppServ\www\mweb\ThinkPHP\Lib\Behavior\ContentReplaceBehavior.class.php 第 40 行.
NOTIC: [8] Use of undefined constant APP_TMPL_PATH - assumed 'APP_TMPL_PATH' C:\AppServ\www\mweb\ThinkPHP\Lib\Behavior\ContentReplaceBehavior.class.php 第 47 行.
INFO: ContentReplace Behavior ::run [ RunTime:0.000767s ]
INFO: TokenBuild Behavior ::run [ RunTime:0.000745s ]
INFO: WriteHtmlCache Behavior ::run [ RunTime:0.000627s ]
INFO: ShowRuntime Behavior ::run [ RunTime:0.000763s ]
INFO: [ view_filter ] --END-- [ RunTime:0.003018s ]
INFO: [ view_end ] --START--
INFO: ShowPageTrace Behavior ::run [ RunTime:0.000890s ]
INFO: [ view_end ] --END-- [ RunTime:0.000931s ]

[ 2019-03-13T13:43:12+08:00 ] 0.0.0.0 /mweb/
INFO: [ app_begin ] --START--
INFO: ReadHtmlCache Behavior ::run [ RunTime:0.000848s ]
INFO: [ app_begin ] --END-- [ RunTime:0.000909s ]
INFO: [ view_parse ] --START--
INFO: ParseTemplate Behavior ::run [ RunTime:0.001479s ]
INFO: [ view_parse ] --END-- [ RunTime:0.001532s ]
INFO: [ view_filter ] --START--
NOTIC: [8] Use of undefined constant APP_TMPL_PATH - assumed 'APP_TMPL_PATH' C:\AppServ\www\mweb\ThinkPHP\Lib\Behavior\ContentReplaceBehavior.class.php 第 40 行.
NOTIC: [8] Use of undefined constant APP_TMPL_PATH - assumed 'APP_TMPL_PATH' C:\AppServ\www\mweb\ThinkPHP\Lib\Behavior\ContentReplaceBehavior.class.php 第 47 行.
INFO: ContentReplace Behavior ::run [ RunTime:0.000804s ]
INFO: TokenBuild Behavior ::run [ RunTime:0.000746s ]
INFO: WriteHtmlCache Behavior ::run [ RunTime:0.000633s ]
INFO: ShowRuntime Behavior ::run [ RunTime:0.000766s ]
INFO: [ view_filter ] --END-- [ RunTime:0.003066s ]
INFO: [ view_end ] --START--
INFO: ShowPageTrace Behavior ::run [ RunTime:0.000900s ]
INFO: [ view_end ] --END-- [ RunTime:0.000942s ]

[ 2019-03-13T13:43:12+08:00 ] 0.0.0.0 /mweb/
INFO: [ app_begin ] --START--
INFO: ReadHtmlCache Behavior ::run [ RunTime:0.001157s ]
INFO: [ app_begin ] --END-- [ RunTime:0.001241s ]
INFO: [ view_parse ] --START--
INFO: ParseTemplate Behavior ::run [ RunTime:0.001356s ]
INFO: [ view_parse ] --END-- [ RunTime:0.001414s ]
INFO: [ view_filter ] --START--
NOTIC: [8] Use of undefined constant APP_TMPL_PATH - assumed 'APP_TMPL_PATH' C:\AppServ\www\mweb\ThinkPHP\Lib\Behavior\ContentReplaceBehavior.class.php 第 40 行.
NOTIC: [8] Use of undefined constant APP_TMPL_PATH - assumed 'APP_TMPL_PATH' C:\AppServ\www\mweb\ThinkPHP\Lib\Behavior\ContentReplaceBehavior.class.php 第 47 行.
INFO: ContentReplace Behavior ::run [ RunTime:0.000976s ]
INFO: TokenBuild Behavior ::run [ RunTime:0.001154s ]
INFO: WriteHtmlCache Behavior ::run [ RunTime:0.000723s ]
INFO: ShowRuntime Behavior ::run [ RunTime:0.000816s ]
INFO: [ view_filter ] --END-- [ RunTime:0.003805s ]
INFO: [ view_end ] --START--
INFO: ShowPageTrace Behavior ::run [ RunTime:0.000973s ]
INFO: [ view_end ] --END-- [ RunTime:0.001029s ]

[ 2019-03-13T13:43:13+08:00 ] 0.0.0.0 /mweb/
INFO: [ app_begin ] --START--
INFO: ReadHtmlCache Behavior ::run [ RunTime:0.000870s ]
INFO: [ app_begin ] --END-- [ RunTime:0.000932s ]
INFO: [ view_parse ] --START--
INFO: ParseTemplate Behavior ::run [ RunTime:0.001315s ]
INFO: [ view_parse ] --END-- [ RunTime:0.001365s ]
INFO: [ view_filter ] --START--
NOTIC: [8] Use of undefined constant APP_TMPL_PATH - assumed 'APP_TMPL_PATH' C:\AppServ\www\mweb\ThinkPHP\Lib\Behavior\ContentReplaceBehavior.class.php 第 40 行.
NOTIC: [8] Use of undefined constant APP_TMPL_PATH - assumed 'APP_TMPL_PATH' C:\AppServ\www\mweb\ThinkPHP\Lib\Behavior\ContentReplaceBehavior.class.php 第 47 行.
INFO: ContentReplace Behavior ::run [ RunTime:0.000742s ]
INFO: TokenBuild Behavior ::run [ RunTime:0.000727s ]
INFO: WriteHtmlCache Behavior ::run [ RunTime:0.000690s ]
INFO: ShowRuntime Behavior ::run [ RunTime:0.000889s ]
INFO: [ view_filter ] --END-- [ RunTime:0.003175s ]
INFO: [ view_end ] --START--
INFO: ShowPageTrace Behavior ::run [ RunTime:0.000876s ]
INFO: [ view_end ] --END-- [ RunTime:0.000917s ]

[ 2019-03-13T13:43:13+08:00 ] 0.0.0.0 /mweb/
INFO: [ app_begin ] --START--
INFO: ReadHtmlCache Behavior ::run [ RunTime:0.000809s ]
INFO: [ app_begin ] --END-- [ RunTime:0.000870s ]
INFO: [ view_parse ] --START--
INFO: ParseTemplate Behavior ::run [ RunTime:0.001797s ]
INFO: [ view_parse ] --END-- [ RunTime:0.001868s ]
INFO: [ view_filter ] --START--
NOTIC: [8] Use of undefined constant APP_TMPL_PATH - assumed 'APP_TMPL_PATH' C:\AppServ\www\mweb\ThinkPHP\Lib\Behavior\ContentReplaceBehavior.class.php 第 40 行.
NOTIC: [8] Use of undefined constant APP_TMPL_PATH - assumed 'APP_TMPL_PATH' C:\AppServ\www\mweb\ThinkPHP\Lib\Behavior\ContentReplaceBehavior.class.php 第 47 行.
INFO: ContentReplace Behavior ::run [ RunTime:0.000856s ]
INFO: TokenBuild Behavior ::run [ RunTime:0.000778s ]
INFO: WriteHtmlCache Behavior ::run [ RunTime:0.000679s ]
INFO: ShowRuntime Behavior ::run [ RunTime:0.000755s ]
INFO: [ view_filter ] --END-- [ RunTime:0.003190s ]
INFO: [ view_end ] --START--
INFO: ShowPageTrace Behavior ::run [ RunTime:0.000865s ]
INFO: [ view_end ] --END-- [ RunTime:0.000905s ]

[ 2019-03-13T13:43:13+08:00 ] 0.0.0.0 /mweb/
INFO: [ app_begin ] --START--
INFO: ReadHtmlCache Behavior ::run [ RunTime:0.001120s ]
INFO: [ app_begin ] --END-- [ RunTime:0.001204s ]
INFO: [ view_parse ] --START--
INFO: ParseTemplate Behavior ::run [ RunTime:0.001569s ]
INFO: [ view_parse ] --END-- [ RunTime:0.001630s ]
INFO: [ view_filter ] --START--
NOTIC: [8] Use of undefined constant APP_TMPL_PATH - assumed 'APP_TMPL_PATH' C:\AppServ\www\mweb\ThinkPHP\Lib\Behavior\ContentReplaceBehavior.class.php 第 40 行.
NOTIC: [8] Use of undefined constant APP_TMPL_PATH - assumed 'APP_TMPL_PATH' C:\AppServ\www\mweb\ThinkPHP\Lib\Behavior\ContentReplaceBehavior.class.php 第 47 行.
INFO: ContentReplace Behavior ::run [ RunTime:0.000960s ]
INFO: TokenBuild Behavior ::run [ RunTime:0.000773s ]
INFO: WriteHtmlCache Behavior ::run [ RunTime:0.000722s ]
INFO: ShowRuntime Behavior ::run [ RunTime:0.000763s ]
INFO: [ view_filter ] --END-- [ RunTime:0.003346s ]
INFO: [ view_end ] --START--
INFO: ShowPageTrace Behavior ::run [ RunTime:0.000900s ]
INFO: [ view_end ] --END-- [ RunTime:0.000940s ]

[ 2019-03-13T13:43:14+08:00 ] 0.0.0.0 /mweb/
INFO: [ app_begin ] --START--
INFO: ReadHtmlCache Behavior ::run [ RunTime:0.000800s ]
INFO: [ app_begin ] --END-- [ RunTime:0.000859s ]
INFO: [ view_parse ] --START--
INFO: ParseTemplate Behavior ::run [ RunTime:0.001445s ]
INFO: [ view_parse ] --END-- [ RunTime:0.001498s ]
INFO: [ view_filter ] --START--
NOTIC: [8] Use of undefined constant APP_TMPL_PATH - assumed 'APP_TMPL_PATH' C:\AppServ\www\mweb\ThinkPHP\Lib\Behavior\ContentReplaceBehavior.class.php 第 40 行.
NOTIC: [8] Use of undefined constant APP_TMPL_PATH - assumed 'APP_TMPL_PATH' C:\AppServ\www\mweb\ThinkPHP\Lib\Behavior\ContentReplaceBehavior.class.php 第 47 行.
INFO: ContentReplace Behavior ::run [ RunTime:0.000874s ]
INFO: TokenBuild Behavior ::run [ RunTime:0.000996s ]
INFO: WriteHtmlCache Behavior ::run [ RunTime:0.001046s ]
INFO: ShowRuntime Behavior ::run [ RunTime:0.000982s ]
INFO: [ view_filter ] --END-- [ RunTime:0.004073s ]
INFO: [ view_end ] --START--
INFO: ShowPageTrace Behavior ::run [ RunTime:0.000947s ]
INFO: [ view_end ] --END-- [ RunTime:0.001000s ]

[ 2019-03-13T13:44:10+08:00 ] 0.0.0.0 /mweb/
INFO: [ app_begin ] --START--
INFO: ReadHtmlCache Behavior ::run [ RunTime:0.001023s ]
INFO: [ app_begin ] --END-- [ RunTime:0.001083s ]
INFO: [ view_parse ] --START--
INFO: ParseTemplate Behavior ::run [ RunTime:0.002474s ]
INFO: [ view_parse ] --END-- [ RunTime:0.002615s ]
INFO: [ view_filter ] --START--
NOTIC: [8] Use of undefined constant APP_TMPL_PATH - assumed 'APP_TMPL_PATH' C:\AppServ\www\mweb\ThinkPHP\Lib\Behavior\ContentReplaceBehavior.class.php 第 40 行.
NOTIC: [8] Use of undefined constant APP_TMPL_PATH - assumed 'APP_TMPL_PATH' C:\AppServ\www\mweb\ThinkPHP\Lib\Behavior\ContentReplaceBehavior.class.php 第 47 行.
INFO: ContentReplace Behavior ::run [ RunTime:0.001281s ]
INFO: TokenBuild Behavior ::run [ RunTime:0.001055s ]
INFO: WriteHtmlCache Behavior ::run [ RunTime:0.000848s ]
INFO: ShowRuntime Behavior ::run [ RunTime:0.000884s ]
INFO: [ view_filter ] --END-- [ RunTime:0.004242s ]
INFO: [ view_end ] --START--
INFO: ShowPageTrace Behavior ::run [ RunTime:0.000962s ]
INFO: [ view_end ] --END-- [ RunTime:0.001005s ]

[ 2019-03-13T13:44:35+08:00 ] 0.0.0.0 /mweb/
INFO: [ app_begin ] --START--
INFO: ReadHtmlCache Behavior ::run [ RunTime:0.000836s ]
INFO: [ app_begin ] --END-- [ RunTime:0.000899s ]
INFO: [ view_parse ] --START--
INFO: ParseTemplate Behavior ::run [ RunTime:0.001565s ]
INFO: [ view_parse ] --END-- [ RunTime:0.001631s ]
INFO: [ view_filter ] --START--
NOTIC: [8] Use of undefined constant APP_TMPL_PATH - assumed 'APP_TMPL_PATH' C:\AppServ\www\mweb\ThinkPHP\Lib\Behavior\ContentReplaceBehavior.class.php 第 40 行.
NOTIC: [8] Use of undefined constant APP_TMPL_PATH - assumed 'APP_TMPL_PATH' C:\AppServ\www\mweb\ThinkPHP\Lib\Behavior\ContentReplaceBehavior.class.php 第 47 行.
INFO: ContentReplace Behavior ::run [ RunTime:0.000875s ]
INFO: TokenBuild Behavior ::run [ RunTime:0.001074s ]
INFO: WriteHtmlCache Behavior ::run [ RunTime:0.001143s ]
INFO: ShowRuntime Behavior ::run [ RunTime:0.001241s ]
INFO: [ view_filter ] --END-- [ RunTime:0.004528s ]
INFO: [ view_end ] --START--
INFO: ShowPageTrace Behavior ::run [ RunTime:0.001382s ]
INFO: [ view_end ] --END-- [ RunTime:0.001446s ]

[ 2019-03-13T13:44:58+08:00 ] 0.0.0.0 /mweb/
INFO: [ app_begin ] --START--
INFO: ReadHtmlCache Behavior ::run [ RunTime:0.001145s ]
INFO: [ app_begin ] --END-- [ RunTime:0.001238s ]
INFO: [ view_parse ] --START--
INFO: ParseTemplate Behavior ::run [ RunTime:0.001483s ]
INFO: [ view_parse ] --END-- [ RunTime:0.001538s ]
INFO: [ view_filter ] --START--
NOTIC: [8] Use of undefined constant APP_TMPL_PATH - assumed 'APP_TMPL_PATH' C:\AppServ\www\mweb\ThinkPHP\Lib\Behavior\ContentReplaceBehavior.class.php 第 40 行.
NOTIC: [8] Use of undefined constant APP_TMPL_PATH - assumed 'APP_TMPL_PATH' C:\AppServ\www\mweb\ThinkPHP\Lib\Behavior\ContentReplaceBehavior.class.php 第 47 行.
INFO: ContentReplace Behavior ::run [ RunTime:0.000763s ]
INFO: TokenBuild Behavior ::run [ RunTime:0.000716s ]
INFO: WriteHtmlCache Behavior ::run [ RunTime:0.000700s ]
INFO: ShowRuntime Behavior ::run [ RunTime:0.000847s ]
INFO: [ view_filter ] --END-- [ RunTime:0.003141s ]
INFO: [ view_end ] --START--
INFO: ShowPageTrace Behavior ::run [ RunTime:0.000928s ]
INFO: [ view_end ] --END-- [ RunTime:0.000969s ]

[ 2019-03-13T13:44:59+08:00 ] 0.0.0.0 /mweb/
INFO: [ app_begin ] --START--
INFO: ReadHtmlCache Behavior ::run [ RunTime:0.000845s ]
INFO: [ app_begin ] --END-- [ RunTime:0.000905s ]
INFO: [ view_parse ] --START--
INFO: ParseTemplate Behavior ::run [ RunTime:0.001386s ]
INFO: [ view_parse ] --END-- [ RunTime:0.001438s ]
INFO: [ view_filter ] --START--
NOTIC: [8] Use of undefined constant APP_TMPL_PATH - assumed 'APP_TMPL_PATH' C:\AppServ\www\mweb\ThinkPHP\Lib\Behavior\ContentReplaceBehavior.class.php 第 40 行.
NOTIC: [8] Use of undefined constant APP_TMPL_PATH - assumed 'APP_TMPL_PATH' C:\AppServ\www\mweb\ThinkPHP\Lib\Behavior\ContentReplaceBehavior.class.php 第 47 行.
INFO: ContentReplace Behavior ::run [ RunTime:0.000811s ]
INFO: TokenBuild Behavior ::run [ RunTime:0.000702s ]
INFO: WriteHtmlCache Behavior ::run [ RunTime:0.000671s ]
INFO: ShowRuntime Behavior ::run [ RunTime:0.000793s ]
INFO: [ view_filter ] --END-- [ RunTime:0.003096s ]
INFO: [ view_end ] --START--
INFO: ShowPageTrace Behavior ::run [ RunTime:0.000912s ]
INFO: [ view_end ] --END-- [ RunTime:0.000982s ]

[ 2019-03-13T13:44:59+08:00 ] 0.0.0.0 /mweb/
INFO: [ app_begin ] --START--
INFO: ReadHtmlCache Behavior ::run [ RunTime:0.001007s ]
INFO: [ app_begin ] --END-- [ RunTime:0.001082s ]
INFO: [ view_parse ] --START--
INFO: ParseTemplate Behavior ::run [ RunTime:0.001573s ]
INFO: [ view_parse ] --END-- [ RunTime:0.001646s ]
INFO: [ view_filter ] --START--
NOTIC: [8] Use of undefined constant APP_TMPL_PATH - assumed 'APP_TMPL_PATH' C:\AppServ\www\mweb\ThinkPHP\Lib\Behavior\ContentReplaceBehavior.class.php 第 40 行.
NOTIC: [8] Use of undefined constant APP_TMPL_PATH - assumed 'APP_TMPL_PATH' C:\AppServ\www\mweb\ThinkPHP\Lib\Behavior\ContentReplaceBehavior.class.php 第 47 行.
INFO: ContentReplace Behavior ::run [ RunTime:0.000777s ]
INFO: TokenBuild Behavior ::run [ RunTime:0.000740s ]
INFO: WriteHtmlCache Behavior ::run [ RunTime:0.000721s ]
INFO: ShowRuntime Behavior ::run [ RunTime:0.000801s ]
INFO: [ view_filter ] --END-- [ RunTime:0.003177s ]
INFO: [ view_end ] --START--
INFO: ShowPageTrace Behavior ::run [ RunTime:0.000880s ]
INFO: [ view_end ] --END-- [ RunTime:0.000921s ]

[ 2019-03-13T13:44:59+08:00 ] 0.0.0.0 /mweb/
INFO: [ app_begin ] --START--
INFO: ReadHtmlCache Behavior ::run [ RunTime:0.000801s ]
INFO: [ app_begin ] --END-- [ RunTime:0.000860s ]
INFO: [ view_parse ] --START--
INFO: ParseTemplate Behavior ::run [ RunTime:0.001344s ]
INFO: [ view_parse ] --END-- [ RunTime:0.001397s ]
INFO: [ view_filter ] --START--
NOTIC: [8] Use of undefined constant APP_TMPL_PATH - assumed 'APP_TMPL_PATH' C:\AppServ\www\mweb\ThinkPHP\Lib\Behavior\ContentReplaceBehavior.class.php 第 40 行.
NOTIC: [8] Use of undefined constant APP_TMPL_PATH - assumed 'APP_TMPL_PATH' C:\AppServ\www\mweb\ThinkPHP\Lib\Behavior\ContentReplaceBehavior.class.php 第 47 行.
INFO: ContentReplace Behavior ::run [ RunTime:0.000810s ]
INFO: TokenBuild Behavior ::run [ RunTime:0.000709s ]
INFO: WriteHtmlCache Behavior ::run [ RunTime:0.000780s ]
INFO: ShowRuntime Behavior ::run [ RunTime:0.001119s ]
INFO: [ view_filter ] --END-- [ RunTime:0.003576s ]
INFO: [ view_end ] --START--
INFO: ShowPageTrace Behavior ::run [ RunTime:0.001010s ]
INFO: [ view_end ] --END-- [ RunTime:0.001076s ]

[ 2019-03-13T13:45:00+08:00 ] 0.0.0.0 /mweb/
INFO: [ app_begin ] --START--
INFO: ReadHtmlCache Behavior ::run [ RunTime:0.000955s ]
INFO: [ app_begin ] --END-- [ RunTime:0.001028s ]
INFO: [ view_parse ] --START--
INFO: ParseTemplate Behavior ::run [ RunTime:0.001457s ]
INFO: [ view_parse ] --END-- [ RunTime:0.001574s ]
INFO: [ view_filter ] --START--
NOTIC: [8] Use of undefined constant APP_TMPL_PATH - assumed 'APP_TMPL_PATH' C:\AppServ\www\mweb\ThinkPHP\Lib\Behavior\ContentReplaceBehavior.class.php 第 40 行.
NOTIC: [8] Use of undefined constant APP_TMPL_PATH - assumed 'APP_TMPL_PATH' C:\AppServ\www\mweb\ThinkPHP\Lib\Behavior\ContentReplaceBehavior.class.php 第 47 行.
INFO: ContentReplace Behavior ::run [ RunTime:0.001198s ]
INFO: TokenBuild Behavior ::run [ RunTime:0.000842s ]
INFO: WriteHtmlCache Behavior ::run [ RunTime:0.000724s ]
INFO: ShowRuntime Behavior ::run [ RunTime:0.001187s ]
INFO: [ view_filter ] --END-- [ RunTime:0.004103s ]
INFO: [ view_end ] --START--
INFO: ShowPageTrace Behavior ::run [ RunTime:0.001134s ]
INFO: [ view_end ] --END-- [ RunTime:0.001189s ]

[ 2019-03-13T13:45:00+08:00 ] 0.0.0.0 /mweb/
INFO: [ app_begin ] --START--
INFO: ReadHtmlCache Behavior ::run [ RunTime:0.001008s ]
INFO: [ app_begin ] --END-- [ RunTime:0.001081s ]
INFO: [ view_parse ] --START--
INFO: ParseTemplate Behavior ::run [ RunTime:0.001360s ]
INFO: [ view_parse ] --END-- [ RunTime:0.001422s ]
INFO: [ view_filter ] --START--
NOTIC: [8] Use of undefined constant APP_TMPL_PATH - assumed 'APP_TMPL_PATH' C:\AppServ\www\mweb\ThinkPHP\Lib\Behavior\ContentReplaceBehavior.class.php 第 40 行.
NOTIC: [8] Use of undefined constant APP_TMPL_PATH - assumed 'APP_TMPL_PATH' C:\AppServ\www\mweb\ThinkPHP\Lib\Behavior\ContentReplaceBehavior.class.php 第 47 行.
INFO: ContentReplace Behavior ::run [ RunTime:0.000816s ]
INFO: TokenBuild Behavior ::run [ RunTime:0.000754s ]
INFO: WriteHtmlCache Behavior ::run [ RunTime:0.000730s ]
INFO: ShowRuntime Behavior ::run [ RunTime:0.000781s ]
INFO: [ view_filter ] --END-- [ RunTime:0.003210s ]
INFO: [ view_end ] --START--
INFO: ShowPageTrace Behavior ::run [ RunTime:0.000896s ]
INFO: [ view_end ] --END-- [ RunTime:0.000936s ]

[ 2019-03-13T13:45:00+08:00 ] 0.0.0.0 /mweb/
INFO: [ app_begin ] --START--
INFO: ReadHtmlCache Behavior ::run [ RunTime:0.001011s ]
INFO: [ app_begin ] --END-- [ RunTime:0.001102s ]
INFO: [ view_parse ] --START--
INFO: ParseTemplate Behavior ::run [ RunTime:0.001521s ]
INFO: [ view_parse ] --END-- [ RunTime:0.001587s ]
INFO: [ view_filter ] --START--
NOTIC: [8] Use of undefined constant APP_TMPL_PATH - assumed 'APP_TMPL_PATH' C:\AppServ\www\mweb\ThinkPHP\Lib\Behavior\ContentReplaceBehavior.class.php 第 40 行.
NOTIC: [8] Use of undefined constant APP_TMPL_PATH - assumed 'APP_TMPL_PATH' C:\AppServ\www\mweb\ThinkPHP\Lib\Behavior\ContentReplaceBehavior.class.php 第 47 行.
INFO: ContentReplace Behavior ::run [ RunTime:0.000746s ]
INFO: TokenBuild Behavior ::run [ RunTime:0.000823s ]
INFO: WriteHtmlCache Behavior ::run [ RunTime:0.000711s ]
INFO: ShowRuntime Behavior ::run [ RunTime:0.000809s ]
INFO: [ view_filter ] --END-- [ RunTime:0.003212s ]
INFO: [ view_end ] --START--
INFO: ShowPageTrace Behavior ::run [ RunTime:0.000896s ]
INFO: [ view_end ] --END-- [ RunTime:0.000938s ]

[ 2019-03-13T13:45:01+08:00 ] 0.0.0.0 /mweb/
INFO: [ app_begin ] --START--
INFO: ReadHtmlCache Behavior ::run [ RunTime:0.000832s ]
INFO: [ app_begin ] --END-- [ RunTime:0.000893s ]
INFO: [ view_parse ] --START--
INFO: ParseTemplate Behavior ::run [ RunTime:0.001394s ]
INFO: [ view_parse ] --END-- [ RunTime:0.001445s ]
INFO: [ view_filter ] --START--
NOTIC: [8] Use of undefined constant APP_TMPL_PATH - assumed 'APP_TMPL_PATH' C:\AppServ\www\mweb\ThinkPHP\Lib\Behavior\ContentReplaceBehavior.class.php 第 40 行.
NOTIC: [8] Use of undefined constant APP_TMPL_PATH - assumed 'APP_TMPL_PATH' C:\AppServ\www\mweb\ThinkPHP\Lib\Behavior\ContentReplaceBehavior.class.php 第 47 行.
INFO: ContentReplace Behavior ::run [ RunTime:0.000845s ]
INFO: TokenBuild Behavior ::run [ RunTime:0.000874s ]
INFO: WriteHtmlCache Behavior ::run [ RunTime:0.000685s ]
INFO: ShowRuntime Behavior ::run [ RunTime:0.000806s ]
INFO: [ view_filter ] --END-- [ RunTime:0.003356s ]
INFO: [ view_end ] --START--
INFO: ShowPageTrace Behavior ::run [ RunTime:0.000944s ]
INFO: [ view_end ] --END-- [ RunTime:0.000984s ]

[ 2019-03-13T13:45:01+08:00 ] 0.0.0.0 /mweb/
INFO: [ app_begin ] --START--
INFO: ReadHtmlCache Behavior ::run [ RunTime:0.000830s ]
INFO: [ app_begin ] --END-- [ RunTime:0.000888s ]
INFO: [ view_parse ] --START--
INFO: ParseTemplate Behavior ::run [ RunTime:0.001758s ]
INFO: [ view_parse ] --END-- [ RunTime:0.001826s ]
INFO: [ view_filter ] --START--
NOTIC: [8] Use of undefined constant APP_TMPL_PATH - assumed 'APP_TMPL_PATH' C:\AppServ\www\mweb\ThinkPHP\Lib\Behavior\ContentReplaceBehavior.class.php 第 40 行.
NOTIC: [8] Use of undefined constant APP_TMPL_PATH - assumed 'APP_TMPL_PATH' C:\AppServ\www\mweb\ThinkPHP\Lib\Behavior\ContentReplaceBehavior.class.php 第 47 行.
INFO: ContentReplace Behavior ::run [ RunTime:0.000759s ]
INFO: TokenBuild Behavior ::run [ RunTime:0.000820s ]
INFO: WriteHtmlCache Behavior ::run [ RunTime:0.000858s ]
INFO: ShowRuntime Behavior ::run [ RunTime:0.000842s ]
INFO: [ view_filter ] --END-- [ RunTime:0.003426s ]
INFO: [ view_end ] --START--
INFO: ShowPageTrace Behavior ::run [ RunTime:0.000977s ]
INFO: [ view_end ] --END-- [ RunTime:0.001021s ]

[ 2019-03-13T13:45:02+08:00 ] 0.0.0.0 /mweb/
INFO: [ app_begin ] --START--
INFO: ReadHtmlCache Behavior ::run [ RunTime:0.000803s ]
INFO: [ app_begin ] --END-- [ RunTime:0.000861s ]
INFO: [ view_parse ] --START--
INFO: ParseTemplate Behavior ::run [ RunTime:0.001668s ]
INFO: [ view_parse ] --END-- [ RunTime:0.001748s ]
INFO: [ view_filter ] --START--
NOTIC: [8] Use of undefined constant APP_TMPL_PATH - assumed 'APP_TMPL_PATH' C:\AppServ\www\mweb\ThinkPHP\Lib\Behavior\ContentReplaceBehavior.class.php 第 40 行.
NOTIC: [8] Use of undefined constant APP_TMPL_PATH - assumed 'APP_TMPL_PATH' C:\AppServ\www\mweb\ThinkPHP\Lib\Behavior\ContentReplaceBehavior.class.php 第 47 行.
INFO: ContentReplace Behavior ::run [ RunTime:0.001008s ]
INFO: TokenBuild Behavior ::run [ RunTime:0.000781s ]
INFO: WriteHtmlCache Behavior ::run [ RunTime:0.000719s ]
INFO: ShowRuntime Behavior ::run [ RunTime:0.000859s ]
INFO: [ view_filter ] --END-- [ RunTime:0.003508s ]
INFO: [ view_end ] --START--
INFO: ShowPageTrace Behavior ::run [ RunTime:0.001040s ]
INFO: [ view_end ] --END-- [ RunTime:0.001086s ]

[ 2019-03-13T13:45:02+08:00 ] 0.0.0.0 /mweb/
INFO: [ app_begin ] --START--
INFO: ReadHtmlCache Behavior ::run [ RunTime:0.000995s ]
INFO: [ app_begin ] --END-- [ RunTime:0.001058s ]
INFO: [ view_parse ] --START--
INFO: ParseTemplate Behavior ::run [ RunTime:0.001444s ]
INFO: [ view_parse ] --END-- [ RunTime:0.001496s ]
INFO: [ view_filter ] --START--
NOTIC: [8] Use of undefined constant APP_TMPL_PATH - assumed 'APP_TMPL_PATH' C:\AppServ\www\mweb\ThinkPHP\Lib\Behavior\ContentReplaceBehavior.class.php 第 40 行.
NOTIC: [8] Use of undefined constant APP_TMPL_PATH - assumed 'APP_TMPL_PATH' C:\AppServ\www\mweb\ThinkPHP\Lib\Behavior\ContentReplaceBehavior.class.php 第 47 行.
INFO: ContentReplace Behavior ::run [ RunTime:0.000765s ]
INFO: TokenBuild Behavior ::run [ RunTime:0.000727s ]
INFO: WriteHtmlCache Behavior ::run [ RunTime:0.000647s ]
INFO: ShowRuntime Behavior ::run [ RunTime:0.000839s ]
INFO: [ view_filter ] --END-- [ RunTime:0.003101s ]
INFO: [ view_end ] --START--
INFO: ShowPageTrace Behavior ::run [ RunTime:0.000842s ]
INFO: [ view_end ] --END-- [ RunTime:0.000881s ]

[ 2019-03-13T13:45:02+08:00 ] 0.0.0.0 /mweb/
INFO: [ app_begin ] --START--
INFO: ReadHtmlCache Behavior ::run [ RunTime:0.000811s ]
INFO: [ app_begin ] --END-- [ RunTime:0.000870s ]
INFO: [ view_parse ] --START--
INFO: ParseTemplate Behavior ::run [ RunTime:0.001721s ]
INFO: [ view_parse ] --END-- [ RunTime:0.001774s ]
INFO: [ view_filter ] --START--
NOTIC: [8] Use of undefined constant APP_TMPL_PATH - assumed 'APP_TMPL_PATH' C:\AppServ\www\mweb\ThinkPHP\Lib\Behavior\ContentReplaceBehavior.class.php 第 40 行.
NOTIC: [8] Use of undefined constant APP_TMPL_PATH - assumed 'APP_TMPL_PATH' C:\AppServ\www\mweb\ThinkPHP\Lib\Behavior\ContentReplaceBehavior.class.php 第 47 行.
INFO: ContentReplace Behavior ::run [ RunTime:0.000828s ]
INFO: TokenBuild Behavior ::run [ RunTime:0.000845s ]
INFO: WriteHtmlCache Behavior ::run [ RunTime:0.000743s ]
INFO: ShowRuntime Behavior ::run [ RunTime:0.001050s ]
INFO: [ view_filter ] --END-- [ RunTime:0.003632s ]
INFO: [ view_end ] --START--
INFO: ShowPageTrace Behavior ::run [ RunTime:0.001140s ]
INFO: [ view_end ] --END-- [ RunTime:0.001198s ]

[ 2019-03-13T13:45:08+08:00 ] 0.0.0.0 /mweb/
INFO: [ app_begin ] --START--
INFO: ReadHtmlCache Behavior ::run [ RunTime:0.000849s ]
INFO: [ app_begin ] --END-- [ RunTime:0.000909s ]
INFO: [ view_parse ] --START--
INFO: ParseTemplate Behavior ::run [ RunTime:0.001759s ]
INFO: [ view_parse ] --END-- [ RunTime:0.001818s ]
INFO: [ view_filter ] --START--
NOTIC: [8] Use of undefined constant APP_TMPL_PATH - assumed 'APP_TMPL_PATH' C:\AppServ\www\mweb\ThinkPHP\Lib\Behavior\ContentReplaceBehavior.class.php 第 40 行.
NOTIC: [8] Use of undefined constant APP_TMPL_PATH - assumed 'APP_TMPL_PATH' C:\AppServ\www\mweb\ThinkPHP\Lib\Behavior\ContentReplaceBehavior.class.php 第 47 行.
INFO: ContentReplace Behavior ::run [ RunTime:0.000819s ]
INFO: TokenBuild Behavior ::run [ RunTime:0.000799s ]
INFO: WriteHtmlCache Behavior ::run [ RunTime:0.000707s ]
INFO: ShowRuntime Behavior ::run [ RunTime:0.001208s ]
INFO: [ view_filter ] --END-- [ RunTime:0.003704s ]
INFO: [ view_end ] --START--
INFO: ShowPageTrace Behavior ::run [ RunTime:0.001075s ]
INFO: [ view_end ] --END-- [ RunTime:0.001118s ]

[ 2019-03-13T13:45:13+08:00 ] 0.0.0.0 /mweb/
INFO: [ app_begin ] --START--
INFO: ReadHtmlCache Behavior ::run [ RunTime:0.000895s ]
INFO: [ app_begin ] --END-- [ RunTime:0.000955s ]
INFO: [ view_parse ] --START--
INFO: ParseTemplate Behavior ::run [ RunTime:0.001892s ]
INFO: [ view_parse ] --END-- [ RunTime:0.001985s ]
INFO: [ view_filter ] --START--
NOTIC: [8] Use of undefined constant APP_TMPL_PATH - assumed 'APP_TMPL_PATH' C:\AppServ\www\mweb\ThinkPHP\Lib\Behavior\ContentReplaceBehavior.class.php 第 40 行.
NOTIC: [8] Use of undefined constant APP_TMPL_PATH - assumed 'APP_TMPL_PATH' C:\AppServ\www\mweb\ThinkPHP\Lib\Behavior\ContentReplaceBehavior.class.php 第 47 行.
INFO: ContentReplace Behavior ::run [ RunTime:0.000960s ]
INFO: TokenBuild Behavior ::run [ RunTime:0.000767s ]
INFO: WriteHtmlCache Behavior ::run [ RunTime:0.000714s ]
INFO: ShowRuntime Behavior ::run [ RunTime:0.000790s ]
INFO: [ view_filter ] --END-- [ RunTime:0.003354s ]
INFO: [ view_end ] --START--
INFO: ShowPageTrace Behavior ::run [ RunTime:0.000848s ]
INFO: [ view_end ] --END-- [ RunTime:0.000886s ]

[ 2019-03-13T13:45:36+08:00 ] 0.0.0.0 /mweb/
INFO: [ app_begin ] --START--
INFO: ReadHtmlCache Behavior ::run [ RunTime:0.001027s ]
INFO: [ app_begin ] --END-- [ RunTime:0.001087s ]
INFO: [ view_parse ] --START--
NOTIC: [8192] preg_replace(): The /e modifier is deprecated, use preg_replace_callback instead C:\AppServ\www\mweb\ThinkPHP\Lib\Template\ThinkTemplate.class.php 第 273 行.
NOTIC: [8192] preg_replace(): The /e modifier is deprecated, use preg_replace_callback instead C:\AppServ\www\mweb\ThinkPHP\Lib\Template\ThinkTemplate.class.php 第 168 行.
NOTIC: [8192] preg_replace(): The /e modifier is deprecated, use preg_replace_callback instead C:\AppServ\www\mweb\ThinkPHP\Lib\Template\ThinkTemplate.class.php 第 404 行.
NOTIC: [8192] preg_replace(): The /e modifier is deprecated, use preg_replace_callback instead C:\AppServ\www\mweb\ThinkPHP\Lib\Template\ThinkTemplate.class.php 第 404 行.
NOTIC: [8192] preg_replace(): The /e modifier is deprecated, use preg_replace_callback instead C:\AppServ\www\mweb\ThinkPHP\Lib\Template\ThinkTemplate.class.php 第 404 行.
NOTIC: [8192] preg_replace(): The /e modifier is deprecated, use preg_replace_callback instead C:\AppServ\www\mweb\ThinkPHP\Lib\Template\ThinkTemplate.class.php 第 404 行.
NOTIC: [8192] preg_replace(): The /e modifier is deprecated, use preg_replace_callback instead C:\AppServ\www\mweb\ThinkPHP\Lib\Template\ThinkTemplate.class.php 第 404 行.
NOTIC: [8192] preg_replace(): The /e modifier is deprecated, use preg_replace_callback instead C:\AppServ\www\mweb\ThinkPHP\Lib\Template\ThinkTemplate.class.php 第 404 行.
NOTIC: [8192] preg_replace(): The /e modifier is deprecated, use preg_replace_callback instead C:\AppServ\www\mweb\ThinkPHP\Lib\Template\ThinkTemplate.class.php 第 404 行.
NOTIC: [8192] preg_replace(): The /e modifier is deprecated, use preg_replace_callback instead C:\AppServ\www\mweb\ThinkPHP\Lib\Template\ThinkTemplate.class.php 第 404 行.
NOTIC: [8192] preg_replace(): The /e modifier is deprecated, use preg_replace_callback instead C:\AppServ\www\mweb\ThinkPHP\Lib\Template\ThinkTemplate.class.php 第 404 行.
NOTIC: [8192] preg_replace(): The /e modifier is deprecated, use preg_replace_callback instead C:\AppServ\www\mweb\ThinkPHP\Lib\Template\ThinkTemplate.class.php 第 404 行.
NOTIC: [8192] preg_replace(): The /e modifier is deprecated, use preg_replace_callback instead C:\AppServ\www\mweb\ThinkPHP\Lib\Template\ThinkTemplate.class.php 第 404 行.
NOTIC: [8192] preg_replace(): The /e modifier is deprecated, use preg_replace_callback instead C:\AppServ\www\mweb\ThinkPHP\Lib\Template\ThinkTemplate.class.php 第 404 行.
NOTIC: [8192] preg_replace(): The /e modifier is deprecated, use preg_replace_callback instead C:\AppServ\www\mweb\ThinkPHP\Lib\Template\ThinkTemplate.class.php 第 399 行.
NOTIC: [8192] preg_replace(): The /e modifier is deprecated, use preg_replace_callback instead C:\AppServ\www\mweb\ThinkPHP\Lib\Template\ThinkTemplate.class.php 第 399 行.
NOTIC: [8192] preg_replace(): The /e modifier is deprecated, use preg_replace_callback instead C:\AppServ\www\mweb\ThinkPHP\Lib\Template\ThinkTemplate.class.php 第 404 行.
NOTIC: [8192] preg_replace(): The /e modifier is deprecated, use preg_replace_callback instead C:\AppServ\www\mweb\ThinkPHP\Lib\Template\ThinkTemplate.class.php 第 404 行.
NOTIC: [8192] preg_replace(): The /e modifier is deprecated, use preg_replace_callback instead C:\AppServ\www\mweb\ThinkPHP\Lib\Template\ThinkTemplate.class.php 第 404 行.
NOTIC: [8192] preg_replace(): The /e modifier is deprecated, use preg_replace_callback instead C:\AppServ\www\mweb\ThinkPHP\Lib\Template\ThinkTemplate.class.php 第 399 行.
NOTIC: [8192] preg_replace(): The /e modifier is deprecated, use preg_replace_callback instead C:\AppServ\www\mweb\ThinkPHP\Lib\Template\ThinkTemplate.class.php 第 404 行.
NOTIC: [8192] preg_replace(): The /e modifier is deprecated, use preg_replace_callback instead C:\AppServ\www\mweb\ThinkPHP\Lib\Template\ThinkTemplate.class.php 第 404 行.
NOTIC: [8192] preg_replace(): The /e modifier is deprecated, use preg_replace_callback instead C:\AppServ\www\mweb\ThinkPHP\Lib\Template\ThinkTemplate.class.php 第 404 行.
NOTIC: [8192] preg_replace(): The /e modifier is deprecated, use preg_replace_callback instead C:\AppServ\www\mweb\ThinkPHP\Lib\Template\ThinkTemplate.class.php 第 404 行.
NOTIC: [8192] preg_replace(): The /e modifier is deprecated, use preg_replace_callback instead C:\AppServ\www\mweb\ThinkPHP\Lib\Template\ThinkTemplate.class.php 第 404 行.
NOTIC: [8192] preg_replace(): The /e modifier is deprecated, use preg_replace_callback instead C:\AppServ\www\mweb\ThinkPHP\Lib\Template\ThinkTemplate.class.php 第 404 行.
NOTIC: [8192] preg_replace(): The /e modifier is deprecated, use preg_replace_callback instead C:\AppServ\www\mweb\ThinkPHP\Lib\Template\ThinkTemplate.class.php 第 404 行.
NOTIC: [8192] preg_replace(): The /e modifier is deprecated, use preg_replace_callback instead C:\AppServ\www\mweb\ThinkPHP\Lib\Template\ThinkTemplate.class.php 第 404 行.
NOTIC: [8192] preg_replace(): The /e modifier is deprecated, use preg_replace_callback instead C:\AppServ\www\mweb\ThinkPHP\Lib\Template\ThinkTemplate.class.php 第 404 行.
NOTIC: [8192] preg_replace(): The /e modifier is deprecated, use preg_replace_callback instead C:\AppServ\www\mweb\ThinkPHP\Lib\Template\ThinkTemplate.class.php 第 404 行.
NOTIC: [8192] preg_replace(): The /e modifier is deprecated, use preg_replace_callback instead C:\AppServ\www\mweb\ThinkPHP\Lib\Template\ThinkTemplate.class.php 第 404 行.
NOTIC: [8192] preg_replace(): The /e modifier is deprecated, use preg_replace_callback instead C:\AppServ\www\mweb\ThinkPHP\Lib\Template\ThinkTemplate.class.php 第 404 行.
NOTIC: [8192] preg_replace(): The /e modifier is deprecated, use preg_replace_callback instead C:\AppServ\www\mweb\ThinkPHP\Lib\Template\ThinkTemplate.class.php 第 404 行.
NOTIC: [8192] preg_replace(): The /e modifier is deprecated, use preg_replace_callback instead C:\AppServ\www\mweb\ThinkPHP\Lib\Template\ThinkTemplate.class.php 第 404 行.
NOTIC: [8192] preg_replace(): The /e modifier is deprecated, use preg_replace_callback instead C:\AppServ\www\mweb\ThinkPHP\Lib\Template\ThinkTemplate.class.php 第 404 行.
NOTIC: [8192] preg_replace(): The /e modifier is deprecated, use preg_replace_callback instead C:\AppServ\www\mweb\ThinkPHP\Lib\Template\ThinkTemplate.class.php 第 404 行.
NOTIC: [8192] preg_replace(): The /e modifier is deprecated, use preg_replace_callback instead C:\AppServ\www\mweb\ThinkPHP\Lib\Template\ThinkTemplate.class.php 第 404 行.
NOTIC: [8192] preg_replace(): The /e modifier is deprecated, use preg_replace_callback instead C:\AppServ\www\mweb\ThinkPHP\Lib\Template\ThinkTemplate.class.php 第 404 行.
NOTIC: [8192] preg_replace(): The /e modifier is deprecated, use preg_replace_callback instead C:\AppServ\www\mweb\ThinkPHP\Lib\Template\ThinkTemplate.class.php 第 404 行.
NOTIC: [8192] preg_replace(): The /e modifier is deprecated, use preg_replace_callback instead C:\AppServ\www\mweb\ThinkPHP\Lib\Template\ThinkTemplate.class.php 第 404 行.
NOTIC: [8192] preg_replace(): The /e modifier is deprecated, use preg_replace_callback instead C:\AppServ\www\mweb\ThinkPHP\Lib\Template\ThinkTemplate.class.php 第 404 行.
NOTIC: [8192] preg_replace(): The /e modifier is deprecated, use preg_replace_callback instead C:\AppServ\www\mweb\ThinkPHP\Lib\Template\ThinkTemplate.class.php 第 404 行.
NOTIC: [8192] preg_replace(): The /e modifier is deprecated, use preg_replace_callback instead C:\AppServ\www\mweb\ThinkPHP\Lib\Template\ThinkTemplate.class.php 第 404 行.
NOTIC: [8192] preg_replace(): The /e modifier is deprecated, use preg_replace_callback instead C:\AppServ\www\mweb\ThinkPHP\Lib\Template\ThinkTemplate.class.php 第 404 行.
NOTIC: [8192] preg_replace(): The /e modifier is deprecated, use preg_replace_callback instead C:\AppServ\www\mweb\ThinkPHP\Lib\Template\ThinkTemplate.class.php 第 404 行.
NOTIC: [8192] preg_replace(): The /e modifier is deprecated, use preg_replace_callback instead C:\AppServ\www\mweb\ThinkPHP\Lib\Template\ThinkTemplate.class.php 第 404 行.
NOTIC: [8192] preg_replace(): The /e modifier is deprecated, use preg_replace_callback instead C:\AppServ\www\mweb\ThinkPHP\Lib\Template\ThinkTemplate.class.php 第 404 行.
NOTIC: [8192] preg_replace(): The /e modifier is deprecated, use preg_replace_callback instead C:\AppServ\www\mweb\ThinkPHP\Lib\Template\ThinkTemplate.class.php 第 404 行.
NOTIC: [8192] preg_replace(): The /e modifier is deprecated, use preg_replace_callback instead C:\AppServ\www\mweb\ThinkPHP\Lib\Template\ThinkTemplate.class.php 第 404 行.
NOTIC: [8192] preg_replace(): The /e modifier is deprecated, use preg_replace_callback instead C:\AppServ\www\mweb\ThinkPHP\Lib\Template\ThinkTemplate.class.php 第 404 行.
NOTIC: [8192] preg_replace(): The /e modifier is deprecated, use preg_replace_callback instead C:\AppServ\www\mweb\ThinkPHP\Lib\Template\ThinkTemplate.class.php 第 404 行.
NOTIC: [8192] preg_replace(): The /e modifier is deprecated, use preg_replace_callback instead C:\AppServ\www\mweb\ThinkPHP\Lib\Template\ThinkTemplate.class.php 第 404 行.
NOTIC: [8192] preg_replace(): The /e modifier is deprecated, use preg_replace_callback instead C:\AppServ\www\mweb\ThinkPHP\Lib\Template\ThinkTemplate.class.php 第 404 行.
NOTIC: [8192] preg_replace(): The /e modifier is deprecated, use preg_replace_callback instead C:\AppServ\www\mweb\ThinkPHP\Lib\Template\ThinkTemplate.class.php 第 404 行.
NOTIC: [8192] preg_replace(): The /e modifier is deprecated, use preg_replace_callback instead C:\AppServ\www\mweb\ThinkPHP\Lib\Template\ThinkTemplate.class.php 第 404 行.
NOTIC: [8192] preg_replace(): The /e modifier is deprecated, use preg_replace_callback instead C:\AppServ\www\mweb\ThinkPHP\Lib\Template\ThinkTemplate.class.php 第 404 行.
NOTIC: [8192] preg_replace(): The /e modifier is deprecated, use preg_replace_callback instead C:\AppServ\www\mweb\ThinkPHP\Lib\Template\ThinkTemplate.class.php 第 404 行.
NOTIC: [8192] preg_replace(): The /e modifier is deprecated, use preg_replace_callback instead C:\AppServ\www\mweb\ThinkPHP\Lib\Template\ThinkTemplate.class.php 第 404 行.
NOTIC: [8192] preg_replace(): The /e modifier is deprecated, use preg_replace_callback instead C:\AppServ\www\mweb\ThinkPHP\Lib\Template\ThinkTemplate.class.php 第 404 行.
NOTIC: [8192] preg_replace(): The /e modifier is deprecated, use preg_replace_callback instead C:\AppServ\www\mweb\ThinkPHP\Lib\Template\ThinkTemplate.class.php 第 404 行.
NOTIC: [8192] preg_replace(): The /e modifier is deprecated, use preg_replace_callback instead C:\AppServ\www\mweb\ThinkPHP\Lib\Template\ThinkTemplate.class.php 第 404 行.
NOTIC: [8192] preg_replace(): The /e modifier is deprecated, use preg_replace_callback instead C:\AppServ\www\mweb\ThinkPHP\Lib\Template\ThinkTemplate.class.php 第 404 行.
NOTIC: [8192] preg_replace(): The /e modifier is deprecated, use preg_replace_callback instead C:\AppServ\www\mweb\ThinkPHP\Lib\Template\ThinkTemplate.class.php 第 404 行.
NOTIC: [8192] preg_replace(): The /e modifier is deprecated, use preg_replace_callback instead C:\AppServ\www\mweb\ThinkPHP\Lib\Template\ThinkTemplate.class.php 第 404 行.
NOTIC: [8192] preg_replace(): The /e modifier is deprecated, use preg_replace_callback instead C:\AppServ\www\mweb\ThinkPHP\Lib\Template\ThinkTemplate.class.php 第 404 行.
NOTIC: [8192] preg_replace(): The /e modifier is deprecated, use preg_replace_callback instead C:\AppServ\www\mweb\ThinkPHP\Lib\Template\ThinkTemplate.class.php 第 404 行.
NOTIC: [8192] preg_replace(): The /e modifier is deprecated, use preg_replace_callback instead C:\AppServ\www\mweb\ThinkPHP\Lib\Template\ThinkTemplate.class.php 第 404 行.
NOTIC: [8192] preg_replace(): The /e modifier is deprecated, use preg_replace_callback instead C:\AppServ\www\mweb\ThinkPHP\Lib\Template\ThinkTemplate.class.php 第 404 行.
NOTIC: [8192] preg_replace(): The /e modifier is deprecated, use preg_replace_callback instead C:\AppServ\www\mweb\ThinkPHP\Lib\Template\ThinkTemplate.class.php 第 404 行.
NOTIC: [8192] preg_replace(): The /e modifier is deprecated, use preg_replace_callback instead C:\AppServ\www\mweb\ThinkPHP\Lib\Template\ThinkTemplate.class.php 第 404 行.
NOTIC: [8192] preg_replace(): The /e modifier is deprecated, use preg_replace_callback instead C:\AppServ\www\mweb\ThinkPHP\Lib\Template\ThinkTemplate.class.php 第 404 行.
NOTIC: [8192] preg_replace(): The /e modifier is deprecated, use preg_replace_callback instead C:\AppServ\www\mweb\ThinkPHP\Lib\Template\ThinkTemplate.class.php 第 404 行.
NOTIC: [8192] preg_replace(): The /e modifier is deprecated, use preg_replace_callback instead C:\AppServ\www\mweb\ThinkPHP\Lib\Template\ThinkTemplate.class.php 第 404 行.
NOTIC: [8192] preg_replace(): The /e modifier is deprecated, use preg_replace_callback instead C:\AppServ\www\mweb\ThinkPHP\Lib\Template\ThinkTemplate.class.php 第 404 行.
NOTIC: [8192] preg_replace(): The /e modifier is deprecated, use preg_replace_callback instead C:\AppServ\www\mweb\ThinkPHP\Lib\Template\ThinkTemplate.class.php 第 404 行.
NOTIC: [8192] preg_replace(): The /e modifier is deprecated, use preg_replace_callback instead C:\AppServ\www\mweb\ThinkPHP\Lib\Template\ThinkTemplate.class.php 第 404 行.
NOTIC: [8192] preg_replace(): The /e modifier is deprecated, use preg_replace_callback instead C:\AppServ\www\mweb\ThinkPHP\Lib\Template\ThinkTemplate.class.php 第 404 行.
NOTIC: [8192] preg_replace(): The /e modifier is deprecated, use preg_replace_callback instead C:\AppServ\www\mweb\ThinkPHP\Lib\Template\ThinkTemplate.class.php 第 404 行.
NOTIC: [8192] preg_replace(): The /e modifier is deprecated, use preg_replace_callback instead C:\AppServ\www\mweb\ThinkPHP\Lib\Template\ThinkTemplate.class.php 第 404 行.
NOTIC: [8192] preg_replace(): The /e modifier is deprecated, use preg_replace_callback instead C:\AppServ\www\mweb\ThinkPHP\Lib\Template\ThinkTemplate.class.php 第 404 行.
NOTIC: [8192] preg_replace(): The /e modifier is deprecated, use preg_replace_callback instead C:\AppServ\www\mweb\ThinkPHP\Lib\Template\ThinkTemplate.class.php 第 404 行.
NOTIC: [8192] preg_replace(): The /e modifier is deprecated, use preg_replace_callback instead C:\AppServ\www\mweb\ThinkPHP\Lib\Template\ThinkTemplate.class.php 第 404 行.
NOTIC: [8192] preg_replace(): The /e modifier is deprecated, use preg_replace_callback instead C:\AppServ\www\mweb\ThinkPHP\Lib\Template\ThinkTemplate.class.php 第 404 行.
NOTIC: [8192] preg_replace(): The /e modifier is deprecated, use preg_replace_callback instead C:\AppServ\www\mweb\ThinkPHP\Lib\Template\ThinkTemplate.class.php 第 404 行.
NOTIC: [8192] preg_replace(): The /e modifier is deprecated, use preg_replace_callback instead C:\AppServ\www\mweb\ThinkPHP\Lib\Template\ThinkTemplate.class.php 第 404 行.
NOTIC: [8192] preg_replace(): The /e modifier is deprecated, use preg_replace_callback instead C:\AppServ\www\mweb\ThinkPHP\Lib\Template\ThinkTemplate.class.php 第 404 行.
NOTIC: [8192] preg_replace(): The /e modifier is deprecated, use preg_replace_callback instead C:\AppServ\www\mweb\ThinkPHP\Lib\Template\ThinkTemplate.class.php 第 399 行.
NOTIC: [8192] preg_replace(): The /e modifier is deprecated, use preg_replace_callback instead C:\AppServ\www\mweb\ThinkPHP\Lib\Template\ThinkTemplate.class.php 第 399 行.
NOTIC: [8192] preg_replace(): The /e modifier is deprecated, use preg_replace_callback instead C:\AppServ\www\mweb\ThinkPHP\Lib\Template\ThinkTemplate.class.php 第 399 行.
NOTIC: [8192] preg_replace(): The /e modifier is deprecated, use preg_replace_callback instead C:\AppServ\www\mweb\ThinkPHP\Lib\Template\ThinkTemplate.class.php 第 399 行.
NOTIC: [8192] preg_replace(): The /e modifier is deprecated, use preg_replace_callback instead C:\AppServ\www\mweb\ThinkPHP\Lib\Template\ThinkTemplate.class.php 第 399 行.
NOTIC: [8192] preg_replace(): The /e modifier is deprecated, use preg_replace_callback instead C:\AppServ\www\mweb\ThinkPHP\Lib\Template\ThinkTemplate.class.php 第 399 行.
NOTIC: [8192] preg_replace(): The /e modifier is deprecated, use preg_replace_callback instead C:\AppServ\www\mweb\ThinkPHP\Lib\Template\ThinkTemplate.class.php 第 404 行.
NOTIC: [8192] preg_replace(): The /e modifier is deprecated, use preg_replace_callback instead C:\AppServ\www\mweb\ThinkPHP\Lib\Template\ThinkTemplate.class.php 第 404 行.
NOTIC: [8192] preg_replace(): The /e modifier is deprecated, use preg_replace_callback instead C:\AppServ\www\mweb\ThinkPHP\Lib\Template\ThinkTemplate.class.php 第 404 行.
NOTIC: [8192] preg_replace(): The /e modifier is deprecated, use preg_replace_callback instead C:\AppServ\www\mweb\ThinkPHP\Lib\Template\ThinkTemplate.class.php 第 197 行.
NOTIC: [8192] preg_replace(): The /e modifier is deprecated, use preg_replace_callback instead C:\AppServ\www\mweb\ThinkPHP\Lib\Template\ThinkTemplate.class.php 第 137 行.
INFO: ParseTemplate Behavior ::run [ RunTime:0.019320s ]
INFO: [ view_parse ] --END-- [ RunTime:0.019404s ]
INFO: [ view_filter ] --START--
NOTIC: [8] Use of undefined constant APP_TMPL_PATH - assumed 'APP_TMPL_PATH' C:\AppServ\www\mweb\ThinkPHP\Lib\Behavior\ContentReplaceBehavior.class.php 第 40 行.
NOTIC: [8] Use of undefined constant APP_TMPL_PATH - assumed 'APP_TMPL_PATH' C:\AppServ\www\mweb\ThinkPHP\Lib\Behavior\ContentReplaceBehavior.class.php 第 47 行.
INFO: ContentReplace Behavior ::run [ RunTime:0.001358s ]
INFO: TokenBuild Behavior ::run [ RunTime:0.000915s ]
INFO: WriteHtmlCache Behavior ::run [ RunTime:0.000917s ]
INFO: ShowRuntime Behavior ::run [ RunTime:0.000939s ]
INFO: [ view_filter ] --END-- [ RunTime:0.004269s ]
INFO: [ view_end ] --START--
INFO: ShowPageTrace Behavior ::run [ RunTime:0.001464s ]
INFO: [ view_end ] --END-- [ RunTime:0.001541s ]

[ 2019-03-13T13:45:36+08:00 ] 0.0.0.0 /mweb/
INFO: [ app_begin ] --START--
INFO: ReadHtmlCache Behavior ::run [ RunTime:0.000826s ]
INFO: [ app_begin ] --END-- [ RunTime:0.000885s ]
INFO: [ view_parse ] --START--
INFO: ParseTemplate Behavior ::run [ RunTime:0.001331s ]
INFO: [ view_parse ] --END-- [ RunTime:0.001383s ]
INFO: [ view_filter ] --START--
NOTIC: [8] Use of undefined constant APP_TMPL_PATH - assumed 'APP_TMPL_PATH' C:\AppServ\www\mweb\ThinkPHP\Lib\Behavior\ContentReplaceBehavior.class.php 第 40 行.
NOTIC: [8] Use of undefined constant APP_TMPL_PATH - assumed 'APP_TMPL_PATH' C:\AppServ\www\mweb\ThinkPHP\Lib\Behavior\ContentReplaceBehavior.class.php 第 47 行.
INFO: ContentReplace Behavior ::run [ RunTime:0.000744s ]
INFO: TokenBuild Behavior ::run [ RunTime:0.000757s ]
INFO: WriteHtmlCache Behavior ::run [ RunTime:0.000765s ]
INFO: ShowRuntime Behavior ::run [ RunTime:0.000977s ]
INFO: [ view_filter ] --END-- [ RunTime:0.003380s ]
INFO: [ view_end ] --START--
INFO: ShowPageTrace Behavior ::run [ RunTime:0.001241s ]
INFO: [ view_end ] --END-- [ RunTime:0.001299s ]

[ 2019-03-13T13:45:44+08:00 ] 0.0.0.0 /mweb/
INFO: [ app_begin ] --START--
INFO: ReadHtmlCache Behavior ::run [ RunTime:0.001255s ]
INFO: [ app_begin ] --END-- [ RunTime:0.001356s ]
INFO: [ view_parse ] --START--
INFO: ParseTemplate Behavior ::run [ RunTime:0.001642s ]
INFO: [ view_parse ] --END-- [ RunTime:0.001704s ]
INFO: [ view_filter ] --START--
NOTIC: [8] Use of undefined constant APP_TMPL_PATH - assumed 'APP_TMPL_PATH' C:\AppServ\www\mweb\ThinkPHP\Lib\Behavior\ContentReplaceBehavior.class.php 第 40 行.
NOTIC: [8] Use of undefined constant APP_TMPL_PATH - assumed 'APP_TMPL_PATH' C:\AppServ\www\mweb\ThinkPHP\Lib\Behavior\ContentReplaceBehavior.class.php 第 47 行.
INFO: ContentReplace Behavior ::run [ RunTime:0.000858s ]
INFO: TokenBuild Behavior ::run [ RunTime:0.000774s ]
INFO: WriteHtmlCache Behavior ::run [ RunTime:0.000666s ]
INFO: ShowRuntime Behavior ::run [ RunTime:0.000823s ]
INFO: [ view_filter ] --END-- [ RunTime:0.003259s ]
INFO: [ view_end ] --START--
INFO: ShowPageTrace Behavior ::run [ RunTime:0.000935s ]
INFO: [ view_end ] --END-- [ RunTime:0.000990s ]

[ 2019-03-13T13:45:44+08:00 ] 0.0.0.0 /mweb/
INFO: [ app_begin ] --START--
INFO: ReadHtmlCache Behavior ::run [ RunTime:0.000795s ]
INFO: [ app_begin ] --END-- [ RunTime:0.000853s ]
INFO: [ view_parse ] --START--
INFO: ParseTemplate Behavior ::run [ RunTime:0.001672s ]
INFO: [ view_parse ] --END-- [ RunTime:0.001752s ]
INFO: [ view_filter ] --START--
NOTIC: [8] Use of undefined constant APP_TMPL_PATH - assumed 'APP_TMPL_PATH' C:\AppServ\www\mweb\ThinkPHP\Lib\Behavior\ContentReplaceBehavior.class.php 第 40 行.
NOTIC: [8] Use of undefined constant APP_TMPL_PATH - assumed 'APP_TMPL_PATH' C:\AppServ\www\mweb\ThinkPHP\Lib\Behavior\ContentReplaceBehavior.class.php 第 47 行.
INFO: ContentReplace Behavior ::run [ RunTime:0.000953s ]
INFO: TokenBuild Behavior ::run [ RunTime:0.000767s ]
INFO: WriteHtmlCache Behavior ::run [ RunTime:0.000676s ]
INFO: ShowRuntime Behavior ::run [ RunTime:0.000942s ]
INFO: [ view_filter ] --END-- [ RunTime:0.003491s ]
INFO: [ view_end ] --START--
INFO: ShowPageTrace Behavior ::run [ RunTime:0.001019s ]
INFO: [ view_end ] --END-- [ RunTime:0.001091s ]

[ 2019-03-13T13:45:44+08:00 ] 0.0.0.0 /mweb/
INFO: [ app_begin ] --START--
INFO: ReadHtmlCache Behavior ::run [ RunTime:0.000852s ]
INFO: [ app_begin ] --END-- [ RunTime:0.000918s ]
INFO: [ view_parse ] --START--
INFO: ParseTemplate Behavior ::run [ RunTime:0.001412s ]
INFO: [ view_parse ] --END-- [ RunTime:0.001467s ]
INFO: [ view_filter ] --START--
NOTIC: [8] Use of undefined constant APP_TMPL_PATH - assumed 'APP_TMPL_PATH' C:\AppServ\www\mweb\ThinkPHP\Lib\Behavior\ContentReplaceBehavior.class.php 第 40 行.
NOTIC: [8] Use of undefined constant APP_TMPL_PATH - assumed 'APP_TMPL_PATH' C:\AppServ\www\mweb\ThinkPHP\Lib\Behavior\ContentReplaceBehavior.class.php 第 47 行.
INFO: ContentReplace Behavior ::run [ RunTime:0.000799s ]
INFO: TokenBuild Behavior ::run [ RunTime:0.000773s ]
INFO: WriteHtmlCache Behavior ::run [ RunTime:0.000689s ]
INFO: ShowRuntime Behavior ::run [ RunTime:0.000731s ]
INFO: [ view_filter ] --END-- [ RunTime:0.003111s ]
INFO: [ view_end ] --START--
INFO: ShowPageTrace Behavior ::run [ RunTime:0.001064s ]
INFO: [ view_end ] --END-- [ RunTime:0.001109s ]

[ 2019-03-13T13:45:44+08:00 ] 0.0.0.0 /mweb/
INFO: [ app_begin ] --START--
INFO: ReadHtmlCache Behavior ::run [ RunTime:0.000875s ]
INFO: [ app_begin ] --END-- [ RunTime:0.000939s ]
INFO: [ view_parse ] --START--
INFO: ParseTemplate Behavior ::run [ RunTime:0.001569s ]
INFO: [ view_parse ] --END-- [ RunTime:0.001642s ]
INFO: [ view_filter ] --START--
NOTIC: [8] Use of undefined constant APP_TMPL_PATH - assumed 'APP_TMPL_PATH' C:\AppServ\www\mweb\ThinkPHP\Lib\Behavior\ContentReplaceBehavior.class.php 第 40 行.
NOTIC: [8] Use of undefined constant APP_TMPL_PATH - assumed 'APP_TMPL_PATH' C:\AppServ\www\mweb\ThinkPHP\Lib\Behavior\ContentReplaceBehavior.class.php 第 47 行.
INFO: ContentReplace Behavior ::run [ RunTime:0.000874s ]
INFO: TokenBuild Behavior ::run [ RunTime:0.000754s ]
INFO: WriteHtmlCache Behavior ::run [ RunTime:0.001011s ]
INFO: ShowRuntime Behavior ::run [ RunTime:0.000965s ]
INFO: [ view_filter ] --END-- [ RunTime:0.003756s ]
INFO: [ view_end ] --START--
INFO: ShowPageTrace Behavior ::run [ RunTime:0.001005s ]
INFO: [ view_end ] --END-- [ RunTime:0.001058s ]

[ 2019-03-13T13:57:40+08:00 ] 0.0.0.0 /mweb/admin.php
INFO: [ app_begin ] --START--
INFO: ReadHtmlCache Behavior ::run [ RunTime:0.001212s ]
INFO: [ app_begin ] --END-- [ RunTime:0.001286s ]
INFO: [ view_parse ] --START--
INFO: ParseTemplate Behavior ::run [ RunTime:0.001732s ]
INFO: [ view_parse ] --END-- [ RunTime:0.001808s ]
INFO: [ view_filter ] --START--
NOTIC: [8] Use of undefined constant APP_TMPL_PATH - assumed 'APP_TMPL_PATH' C:\AppServ\www\mweb\ThinkPHP\Lib\Behavior\ContentReplaceBehavior.class.php 第 40 行.
NOTIC: [8] Use of undefined constant APP_TMPL_PATH - assumed 'APP_TMPL_PATH' C:\AppServ\www\mweb\ThinkPHP\Lib\Behavior\ContentReplaceBehavior.class.php 第 47 行.
INFO: ContentReplace Behavior ::run [ RunTime:0.000937s ]
INFO: TokenBuild Behavior ::run [ RunTime:0.000854s ]
INFO: WriteHtmlCache Behavior ::run [ RunTime:0.000893s ]
INFO: ShowRuntime Behavior ::run [ RunTime:0.000990s ]
INFO: [ view_filter ] --END-- [ RunTime:0.003798s ]
INFO: [ view_end ] --START--
INFO: ShowPageTrace Behavior ::run [ RunTime:0.001019s ]
INFO: [ view_end ] --END-- [ RunTime:0.001058s ]

[ 2019-03-13T14:01:02+08:00 ] 0.0.0.0 /mweb/admin.php
INFO: [ app_begin ] --START--
INFO: ReadHtmlCache Behavior ::run [ RunTime:0.001221s ]
INFO: [ app_begin ] --END-- [ RunTime:0.001292s ]
INFO: [ view_parse ] --START--
INFO: ParseTemplate Behavior ::run [ RunTime:0.001598s ]
INFO: [ view_parse ] --END-- [ RunTime:0.001665s ]
INFO: [ view_filter ] --START--
NOTIC: [8] Use of undefined constant APP_TMPL_PATH - assumed 'APP_TMPL_PATH' C:\AppServ\www\mweb\ThinkPHP\Lib\Behavior\ContentReplaceBehavior.class.php 第 40 行.
NOTIC: [8] Use of undefined constant APP_TMPL_PATH - assumed 'APP_TMPL_PATH' C:\AppServ\www\mweb\ThinkPHP\Lib\Behavior\ContentReplaceBehavior.class.php 第 47 行.
INFO: ContentReplace Behavior ::run [ RunTime:0.000956s ]
INFO: TokenBuild Behavior ::run [ RunTime:0.000880s ]
INFO: WriteHtmlCache Behavior ::run [ RunTime:0.000908s ]
INFO: ShowRuntime Behavior ::run [ RunTime:0.000937s ]
INFO: [ view_filter ] --END-- [ RunTime:0.003840s ]
INFO: [ view_end ] --START--
INFO: ShowPageTrace Behavior ::run [ RunTime:0.001524s ]
INFO: [ view_end ] --END-- [ RunTime:0.001593s ]

